<?xml version="1.0" encoding="UTF-8"?>
<!-- Generated by org.testng.reporters.JUnitReportReporter -->
<testsuite skipped="0" hostname="DESKTOP-RONNOAJ" name="exceltask.Execution" tests="2" failures="0" timestamp="10 Feb 2020 17:49:48 GMT" time="17.032" errors="0">
  <testcase name="exec1" time="1.486" classname="exceltask.Execution"/>
  <testcase name="exec" time="15.546" classname="exceltask.Execution"/>
</testsuite> <!-- exceltask.Execution -->
